2022-11-21 04:27:38 - c.company.card_qr.CardQrApplication - [34mINFO [0;39m - Starting CardQrApplication using Java 17.0.2 on WIN-3AGF5SMQQM9 with PID 11072 (D:\Main Java\JAVA\card_qr\target\classes started by User in D:\Main Java\JAVA\card_qr)
2022-11-21 04:27:38 - c.company.card_qr.CardQrApplication - [39mDEBUG[0;39m - Running with Spring Boot v2.7.3, Spring v5.3.22
2022-11-21 04:27:38 - c.company.card_qr.CardQrApplication - [34mINFO [0;39m - The following 1 profile is active: "dev"
2022-11-21 04:27:39 - o.s.d.r.c.RepositoryConfigurationDelegate - [34mINFO [0;39m - Bootstrapping Spring Data JPA repositories in DEFAULT mode.
2022-11-21 04:27:39 - o.s.d.r.c.RepositoryConfigurationDelegate - [34mINFO [0;39m - Finished Spring Data repository scanning in 58 ms. Found 6 JPA repository interfaces.
2022-11-21 04:27:40 - o.s.b.w.e.tomcat.TomcatWebServer - [34mINFO [0;39m - Tomcat initialized with port(s): 8080 (http)
2022-11-21 04:27:40 - o.a.catalina.core.StandardService - [34mINFO [0;39m - Starting service [Tomcat]
2022-11-21 04:27:40 - o.a.catalina.core.StandardEngine - [34mINFO [0;39m - Starting Servlet engine: [Apache Tomcat/9.0.65]
2022-11-21 04:27:40 - o.a.c.c.C.[Tomcat].[localhost].[/] - [34mINFO [0;39m - Initializing Spring embedded WebApplicationContext
2022-11-21 04:27:40 - o.s.b.w.s.c.ServletWebServerApplicationContext - [34mINFO [0;39m - Root WebApplicationContext: initialization completed in 1631 ms
2022-11-21 04:27:40 - o.h.jpa.internal.util.LogHelper - [34mINFO [0;39m - HHH000204: Processing PersistenceUnitInfo [name: default]
2022-11-21 04:27:40 - org.hibernate.Version - [34mINFO [0;39m - HHH000412: Hibernate ORM core version 5.6.10.Final
2022-11-21 04:27:40 - o.h.annotations.common.Version - [34mINFO [0;39m - HCANN000001: Hibernate Commons Annotations {5.1.2.Final}
2022-11-21 04:27:40 - com.zaxxer.hikari.HikariDataSource - [34mINFO [0;39m - HikariPool-1 - Starting...
2022-11-21 04:27:40 - com.zaxxer.hikari.HikariDataSource - [34mINFO [0;39m - HikariPool-1 - Start completed.
2022-11-21 04:27:40 - org.hibernate.dialect.Dialect - [34mINFO [0;39m - HHH000400: Using dialect: org.hibernate.dialect.PostgreSQLDialect
2022-11-21 04:27:41 - org.hibernate.id.UUIDHexGenerator - [31mWARN [0;39m - HHH000409: Using org.hibernate.id.UUIDHexGenerator which does not generate IETF RFC 4122 compliant UUID values; consider using org.hibernate.id.UUIDGenerator instead
2022-11-21 04:27:41 - o.h.e.t.j.p.i.JtaPlatformInitiator - [34mINFO [0;39m - HHH000490: Using JtaPlatform implementation: [org.hibernate.engine.transaction.jta.platform.internal.NoJtaPlatform]
2022-11-21 04:27:41 - o.s.o.j.LocalContainerEntityManagerFactoryBean - [34mINFO [0;39m - Initialized JPA EntityManagerFactory for persistence unit 'default'
2022-11-21 04:27:41 - c.c.card_qr.config.filter.JwtFilter - [39mDEBUG[0;39m - Filter 'jwtFilter' configured for use
2022-11-21 04:27:41 - o.s.b.a.o.j.JpaBaseConfiguration$JpaWebConfiguration - [31mWARN [0;39m - spring.jpa.open-in-view is enabled by default. Therefore, database queries may be performed during view rendering. Explicitly configure spring.jpa.open-in-view to disable this warning
2022-11-21 04:27:42 - o.s.s.web.DefaultSecurityFilterChain - [34mINFO [0;39m - Will secure any request with [org.springframework.security.web.session.DisableEncodeUrlFilter@d6879bf, org.springframework.security.web.context.request.async.WebAsyncManagerIntegrationFilter@154208f2, org.springframework.security.web.context.SecurityContextPersistenceFilter@c7b100b, org.springframework.security.web.header.HeaderWriterFilter@1f57fa23, org.springframework.web.filter.CorsFilter@318a81a0, org.springframework.security.web.authentication.logout.LogoutFilter@13cc3984, com.company.card_qr.config.filter.JwtFilter@646bf8a6, org.springframework.security.web.savedrequest.RequestCacheAwareFilter@7ec176da, org.springframework.security.web.servletapi.SecurityContextHolderAwareRequestFilter@272485a6, org.springframework.security.web.authentication.AnonymousAuthenticationFilter@f73a7cf, org.springframework.security.web.session.SessionManagementFilter@508abc74, org.springframework.security.web.access.ExceptionTranslationFilter@2a4f1bc5, org.springframework.security.web.access.intercept.FilterSecurityInterceptor@629dfb5a]
2022-11-21 04:27:42 - o.s.b.w.e.tomcat.TomcatWebServer - [34mINFO [0;39m - Tomcat started on port(s): 8080 (http) with context path ''
2022-11-21 04:27:43 - c.company.card_qr.CardQrApplication - [34mINFO [0;39m - Started CardQrApplication in 5.059 seconds (JVM running for 5.645)
2022-11-21 04:28:05 - o.a.c.c.C.[Tomcat].[localhost].[/] - [34mINFO [0;39m - Initializing Spring DispatcherServlet 'dispatcherServlet'
2022-11-21 04:28:05 - o.s.web.servlet.DispatcherServlet - [34mINFO [0;39m - Initializing Servlet 'dispatcherServlet'
2022-11-21 04:28:05 - o.s.web.servlet.DispatcherServlet - [34mINFO [0;39m - Completed initialization in 1 ms
2022-11-21 04:28:05 - c.c.c.controller.StudentController - [34mINFO [0;39m - STUDENT Controller: ADMIN SHOW GORUP LIST STUDENT: 7
2022-11-21 04:28:53 - c.c.c.controller.StudentController - [34mINFO [0;39m - STUDENT Controller: ADMIN SHOW GORUP LIST STUDENT: 32
2022-11-21 04:29:25 - c.c.c.controller.StudentController - [34mINFO [0;39m - STUDENT Controller: FULL INFO STUDENT: AA2345113
2022-11-21 04:31:02 - c.c.c.controller.StudentController - [34mINFO [0;39m - STUDENT Controller: ADMIN SHOW GORUP LIST STUDENT: 7
2022-11-21 04:31:25 - o.s.o.j.LocalContainerEntityManagerFactoryBean - [34mINFO [0;39m - Closing JPA EntityManagerFactory for persistence unit 'default'
2022-11-21 04:31:25 - com.zaxxer.hikari.HikariDataSource - [34mINFO [0;39m - HikariPool-1 - Shutdown initiated...
2022-11-21 04:31:25 - com.zaxxer.hikari.HikariDataSource - [34mINFO [0;39m - HikariPool-1 - Shutdown completed.
2022-11-21 04:32:49 - c.company.card_qr.CardQrApplication - [34mINFO [0;39m - Starting CardQrApplication using Java 17.0.2 on WIN-3AGF5SMQQM9 with PID 1792 (D:\Main Java\JAVA\card_qr\target\classes started by User in D:\Main Java\JAVA\card_qr)
2022-11-21 04:32:49 - c.company.card_qr.CardQrApplication - [39mDEBUG[0;39m - Running with Spring Boot v2.7.3, Spring v5.3.22
2022-11-21 04:32:49 - c.company.card_qr.CardQrApplication - [34mINFO [0;39m - The following 1 profile is active: "dev"
2022-11-21 04:32:50 - o.s.d.r.c.RepositoryConfigurationDelegate - [34mINFO [0;39m - Bootstrapping Spring Data JPA repositories in DEFAULT mode.
2022-11-21 04:32:50 - o.s.d.r.c.RepositoryConfigurationDelegate - [34mINFO [0;39m - Finished Spring Data repository scanning in 43 ms. Found 6 JPA repository interfaces.
2022-11-21 04:32:50 - o.s.b.w.e.tomcat.TomcatWebServer - [34mINFO [0;39m - Tomcat initialized with port(s): 8080 (http)
2022-11-21 04:32:50 - o.a.catalina.core.StandardService - [34mINFO [0;39m - Starting service [Tomcat]
2022-11-21 04:32:50 - o.a.catalina.core.StandardEngine - [34mINFO [0;39m - Starting Servlet engine: [Apache Tomcat/9.0.65]
2022-11-21 04:32:50 - o.a.c.c.C.[Tomcat].[localhost].[/] - [34mINFO [0;39m - Initializing Spring embedded WebApplicationContext
2022-11-21 04:32:50 - o.s.b.w.s.c.ServletWebServerApplicationContext - [34mINFO [0;39m - Root WebApplicationContext: initialization completed in 1187 ms
2022-11-21 04:32:50 - o.h.jpa.internal.util.LogHelper - [34mINFO [0;39m - HHH000204: Processing PersistenceUnitInfo [name: default]
2022-11-21 04:32:50 - org.hibernate.Version - [34mINFO [0;39m - HHH000412: Hibernate ORM core version 5.6.10.Final
2022-11-21 04:32:50 - o.h.annotations.common.Version - [34mINFO [0;39m - HCANN000001: Hibernate Commons Annotations {5.1.2.Final}
2022-11-21 04:32:51 - com.zaxxer.hikari.HikariDataSource - [34mINFO [0;39m - HikariPool-1 - Starting...
2022-11-21 04:32:51 - com.zaxxer.hikari.HikariDataSource - [34mINFO [0;39m - HikariPool-1 - Start completed.
2022-11-21 04:32:51 - org.hibernate.dialect.Dialect - [34mINFO [0;39m - HHH000400: Using dialect: org.hibernate.dialect.PostgreSQLDialect
2022-11-21 04:32:51 - org.hibernate.id.UUIDHexGenerator - [31mWARN [0;39m - HHH000409: Using org.hibernate.id.UUIDHexGenerator which does not generate IETF RFC 4122 compliant UUID values; consider using org.hibernate.id.UUIDGenerator instead
2022-11-21 04:32:51 - o.h.e.t.j.p.i.JtaPlatformInitiator - [34mINFO [0;39m - HHH000490: Using JtaPlatform implementation: [org.hibernate.engine.transaction.jta.platform.internal.NoJtaPlatform]
2022-11-21 04:32:51 - o.s.o.j.LocalContainerEntityManagerFactoryBean - [34mINFO [0;39m - Initialized JPA EntityManagerFactory for persistence unit 'default'
2022-11-21 04:32:51 - c.c.card_qr.config.filter.JwtFilter - [39mDEBUG[0;39m - Filter 'jwtFilter' configured for use
2022-11-21 04:32:51 - o.s.b.a.o.j.JpaBaseConfiguration$JpaWebConfiguration - [31mWARN [0;39m - spring.jpa.open-in-view is enabled by default. Therefore, database queries may be performed during view rendering. Explicitly configure spring.jpa.open-in-view to disable this warning
2022-11-21 04:32:52 - o.s.b.w.s.c.AnnotationConfigServletWebServerApplicationContext - [31mWARN [0;39m - Exception encountered during context initialization - cancelling refresh attempt: org.springframework.beans.factory.UnsatisfiedDependencyException: Error creating bean with name 'studentController': Unsatisfied dependency expressed through field 'authService'; nested exception is org.springframework.beans.factory.UnsatisfiedDependencyException: Error creating bean with name 'authService' defined in file [D:\Main Java\JAVA\card_qr\target\classes\com\company\card_qr\service\AuthService.class]: Unsatisfied dependency expressed through constructor parameter 0; nested exception is org.springframework.beans.factory.BeanCreationException: Error creating bean with name 'studentRepository' defined in com.company.card_qr.repository.StudentRepository defined in @EnableJpaRepositories declared on JpaRepositoriesRegistrar.EnableJpaRepositoriesConfiguration: Invocation of init method failed; nested exception is org.springframework.data.repository.query.QueryCreationException: Could not create query for public abstract java.util.List com.company.card_qr.repository.StudentRepository.findByGroupIdOrderOrderByBookNumber(java.lang.Integer); Reason: Failed to create query for method public abstract java.util.List com.company.card_qr.repository.StudentRepository.findByGroupIdOrderOrderByBookNumber(java.lang.Integer)! No property 'order' found for type 'Integer' Traversed path: StudentEntity.groupId.; nested exception is java.lang.IllegalArgumentException: Failed to create query for method public abstract java.util.List com.company.card_qr.repository.StudentRepository.findByGroupIdOrderOrderByBookNumber(java.lang.Integer)! No property 'order' found for type 'Integer' Traversed path: StudentEntity.groupId.
2022-11-21 04:32:52 - o.s.o.j.LocalContainerEntityManagerFactoryBean - [34mINFO [0;39m - Closing JPA EntityManagerFactory for persistence unit 'default'
2022-11-21 04:32:52 - com.zaxxer.hikari.HikariDataSource - [34mINFO [0;39m - HikariPool-1 - Shutdown initiated...
2022-11-21 04:32:52 - com.zaxxer.hikari.HikariDataSource - [34mINFO [0;39m - HikariPool-1 - Shutdown completed.
2022-11-21 04:32:52 - o.a.catalina.core.StandardService - [34mINFO [0;39m - Stopping service [Tomcat]
2022-11-21 04:32:52 - o.s.b.a.l.ConditionEvaluationReportLoggingListener - [34mINFO [0;39m - 

Error starting ApplicationContext. To display the conditions report re-run your application with 'debug' enabled.
2022-11-21 04:32:52 - o.s.boot.SpringApplication - [1;31mERROR[0;39m - Application run failed
org.springframework.beans.factory.UnsatisfiedDependencyException: Error creating bean with name 'studentController': Unsatisfied dependency expressed through field 'authService'; nested exception is org.springframework.beans.factory.UnsatisfiedDependencyException: Error creating bean with name 'authService' defined in file [D:\Main Java\JAVA\card_qr\target\classes\com\company\card_qr\service\AuthService.class]: Unsatisfied dependency expressed through constructor parameter 0; nested exception is org.springframework.beans.factory.BeanCreationException: Error creating bean with name 'studentRepository' defined in com.company.card_qr.repository.StudentRepository defined in @EnableJpaRepositories declared on JpaRepositoriesRegistrar.EnableJpaRepositoriesConfiguration: Invocation of init method failed; nested exception is org.springframework.data.repository.query.QueryCreationException: Could not create query for public abstract java.util.List com.company.card_qr.repository.StudentRepository.findByGroupIdOrderOrderByBookNumber(java.lang.Integer); Reason: Failed to create query for method public abstract java.util.List com.company.card_qr.repository.StudentRepository.findByGroupIdOrderOrderByBookNumber(java.lang.Integer)! No property 'order' found for type 'Integer' Traversed path: StudentEntity.groupId.; nested exception is java.lang.IllegalArgumentException: Failed to create query for method public abstract java.util.List com.company.card_qr.repository.StudentRepository.findByGroupIdOrderOrderByBookNumber(java.lang.Integer)! No property 'order' found for type 'Integer' Traversed path: StudentEntity.groupId.
	at org.springframework.beans.factory.annotation.AutowiredAnnotationBeanPostProcessor$AutowiredFieldElement.resolveFieldValue(AutowiredAnnotationBeanPostProcessor.java:659)
	at org.springframework.beans.factory.annotation.AutowiredAnnotationBeanPostProcessor$AutowiredFieldElement.inject(AutowiredAnnotationBeanPostProcessor.java:639)
	at org.springframework.beans.factory.annotation.InjectionMetadata.inject(InjectionMetadata.java:119)
	at org.springframework.beans.factory.annotation.AutowiredAnnotationBeanPostProcessor.postProcessProperties(AutowiredAnnotationBeanPostProcessor.java:399)
	at org.springframework.beans.factory.support.AbstractAutowireCapableBeanFactory.populateBean(AbstractAutowireCapableBeanFactory.java:1431)
	at org.springframework.beans.factory.support.AbstractAutowireCapableBeanFactory.doCreateBean(AbstractAutowireCapableBeanFactory.java:619)
	at org.springframework.beans.factory.support.AbstractAutowireCapableBeanFactory.createBean(AbstractAutowireCapableBeanFactory.java:542)
	at org.springframework.beans.factory.support.AbstractBeanFactory.lambda$doGetBean$0(AbstractBeanFactory.java:335)
	at org.springframework.beans.factory.support.DefaultSingletonBeanRegistry.getSingleton(DefaultSingletonBeanRegistry.java:234)
	at org.springframework.beans.factory.support.AbstractBeanFactory.doGetBean(AbstractBeanFactory.java:333)
	at org.springframework.beans.factory.support.AbstractBeanFactory.getBean(AbstractBeanFactory.java:208)
	at org.springframework.beans.factory.support.DefaultListableBeanFactory.preInstantiateSingletons(DefaultListableBeanFactory.java:955)
	at org.springframework.context.support.AbstractApplicationContext.finishBeanFactoryInitialization(AbstractApplicationContext.java:918)
	at org.springframework.context.support.AbstractApplicationContext.refresh(AbstractApplicationContext.java:583)
	at org.springframework.boot.web.servlet.context.ServletWebServerApplicationContext.refresh(ServletWebServerApplicationContext.java:147)
	at org.springframework.boot.SpringApplication.refresh(SpringApplication.java:734)
	at org.springframework.boot.SpringApplication.refreshContext(SpringApplication.java:408)
	at org.springframework.boot.SpringApplication.run(SpringApplication.java:308)
	at org.springframework.boot.SpringApplication.run(SpringApplication.java:1306)
	at org.springframework.boot.SpringApplication.run(SpringApplication.java:1295)
	at com.company.card_qr.CardQrApplication.main(CardQrApplication.java:10)
Caused by: org.springframework.beans.factory.UnsatisfiedDependencyException: Error creating bean with name 'authService' defined in file [D:\Main Java\JAVA\card_qr\target\classes\com\company\card_qr\service\AuthService.class]: Unsatisfied dependency expressed through constructor parameter 0; nested exception is org.springframework.beans.factory.BeanCreationException: Error creating bean with name 'studentRepository' defined in com.company.card_qr.repository.StudentRepository defined in @EnableJpaRepositories declared on JpaRepositoriesRegistrar.EnableJpaRepositoriesConfiguration: Invocation of init method failed; nested exception is org.springframework.data.repository.query.QueryCreationException: Could not create query for public abstract java.util.List com.company.card_qr.repository.StudentRepository.findByGroupIdOrderOrderByBookNumber(java.lang.Integer); Reason: Failed to create query for method public abstract java.util.List com.company.card_qr.repository.StudentRepository.findByGroupIdOrderOrderByBookNumber(java.lang.Integer)! No property 'order' found for type 'Integer' Traversed path: StudentEntity.groupId.; nested exception is java.lang.IllegalArgumentException: Failed to create query for method public abstract java.util.List com.company.card_qr.repository.StudentRepository.findByGroupIdOrderOrderByBookNumber(java.lang.Integer)! No property 'order' found for type 'Integer' Traversed path: StudentEntity.groupId.
	at org.springframework.beans.factory.support.ConstructorResolver.createArgumentArray(ConstructorResolver.java:800)
	at org.springframework.beans.factory.support.ConstructorResolver.autowireConstructor(ConstructorResolver.java:229)
	at org.springframework.beans.factory.support.AbstractAutowireCapableBeanFactory.autowireConstructor(AbstractAutowireCapableBeanFactory.java:1372)
	at org.springframework.beans.factory.support.AbstractAutowireCapableBeanFactory.createBeanInstance(AbstractAutowireCapableBeanFactory.java:1222)
	at org.springframework.beans.factory.support.AbstractAutowireCapableBeanFactory.doCreateBean(AbstractAutowireCapableBeanFactory.java:582)
	at org.springframework.beans.factory.support.AbstractAutowireCapableBeanFactory.createBean(AbstractAutowireCapableBeanFactory.java:542)
	at org.springframework.beans.factory.support.AbstractBeanFactory.lambda$doGetBean$0(AbstractBeanFactory.java:335)
	at org.springframework.beans.factory.support.DefaultSingletonBeanRegistry.getSingleton(DefaultSingletonBeanRegistry.java:234)
	at org.springframework.beans.factory.support.AbstractBeanFactory.doGetBean(AbstractBeanFactory.java:333)
	at org.springframework.beans.factory.support.AbstractBeanFactory.getBean(AbstractBeanFactory.java:208)
	at org.springframework.beans.factory.config.DependencyDescriptor.resolveCandidate(DependencyDescriptor.java:276)
	at org.springframework.beans.factory.support.DefaultListableBeanFactory.doResolveDependency(DefaultListableBeanFactory.java:1391)
	at org.springframework.beans.factory.support.DefaultListableBeanFactory.resolveDependency(DefaultListableBeanFactory.java:1311)
	at org.springframework.beans.factory.annotation.AutowiredAnnotationBeanPostProcessor$AutowiredFieldElement.resolveFieldValue(AutowiredAnnotationBeanPostProcessor.java:656)
	... 20 common frames omitted
Caused by: org.springframework.beans.factory.BeanCreationException: Error creating bean with name 'studentRepository' defined in com.company.card_qr.repository.StudentRepository defined in @EnableJpaRepositories declared on JpaRepositoriesRegistrar.EnableJpaRepositoriesConfiguration: Invocation of init method failed; nested exception is org.springframework.data.repository.query.QueryCreationException: Could not create query for public abstract java.util.List com.company.card_qr.repository.StudentRepository.findByGroupIdOrderOrderByBookNumber(java.lang.Integer); Reason: Failed to create query for method public abstract java.util.List com.company.card_qr.repository.StudentRepository.findByGroupIdOrderOrderByBookNumber(java.lang.Integer)! No property 'order' found for type 'Integer' Traversed path: StudentEntity.groupId.; nested exception is java.lang.IllegalArgumentException: Failed to create query for method public abstract java.util.List com.company.card_qr.repository.StudentRepository.findByGroupIdOrderOrderByBookNumber(java.lang.Integer)! No property 'order' found for type 'Integer' Traversed path: StudentEntity.groupId.
	at org.springframework.beans.factory.support.AbstractAutowireCapableBeanFactory.initializeBean(AbstractAutowireCapableBeanFactory.java:1804)
	at org.springframework.beans.factory.support.AbstractAutowireCapableBeanFactory.doCreateBean(AbstractAutowireCapableBeanFactory.java:620)
	at org.springframework.beans.factory.support.AbstractAutowireCapableBeanFactory.createBean(AbstractAutowireCapableBeanFactory.java:542)
	at org.springframework.beans.factory.support.AbstractBeanFactory.lambda$doGetBean$0(AbstractBeanFactory.java:335)
	at org.springframework.beans.factory.support.DefaultSingletonBeanRegistry.getSingleton(DefaultSingletonBeanRegistry.java:234)
	at org.springframework.beans.factory.support.AbstractBeanFactory.doGetBean(AbstractBeanFactory.java:333)
	at org.springframework.beans.factory.support.AbstractBeanFactory.getBean(AbstractBeanFactory.java:208)
	at org.springframework.beans.factory.config.DependencyDescriptor.resolveCandidate(DependencyDescriptor.java:276)
	at org.springframework.beans.factory.support.DefaultListableBeanFactory.doResolveDependency(DefaultListableBeanFactory.java:1391)
	at org.springframework.beans.factory.support.DefaultListableBeanFactory.resolveDependency(DefaultListableBeanFactory.java:1311)
	at org.springframework.beans.factory.support.ConstructorResolver.resolveAutowiredArgument(ConstructorResolver.java:887)
	at org.springframework.beans.factory.support.ConstructorResolver.createArgumentArray(ConstructorResolver.java:791)
	... 33 common frames omitted
Caused by: org.springframework.data.repository.query.QueryCreationException: Could not create query for public abstract java.util.List com.company.card_qr.repository.StudentRepository.findByGroupIdOrderOrderByBookNumber(java.lang.Integer); Reason: Failed to create query for method public abstract java.util.List com.company.card_qr.repository.StudentRepository.findByGroupIdOrderOrderByBookNumber(java.lang.Integer)! No property 'order' found for type 'Integer' Traversed path: StudentEntity.groupId.; nested exception is java.lang.IllegalArgumentException: Failed to create query for method public abstract java.util.List com.company.card_qr.repository.StudentRepository.findByGroupIdOrderOrderByBookNumber(java.lang.Integer)! No property 'order' found for type 'Integer' Traversed path: StudentEntity.groupId.
	at org.springframework.data.repository.query.QueryCreationException.create(QueryCreationException.java:101)
	at org.springframework.data.repository.core.support.QueryExecutorMethodInterceptor.lookupQuery(QueryExecutorMethodInterceptor.java:107)
	at org.springframework.data.repository.core.support.QueryExecutorMethodInterceptor.lambda$mapMethodsToQuery$1(QueryExecutorMethodInterceptor.java:95)
	at java.base/java.util.stream.ReferencePipeline$3$1.accept(ReferencePipeline.java:197)
	at java.base/java.util.Iterator.forEachRemaining(Iterator.java:133)
	at java.base/java.util.Collections$UnmodifiableCollection$1.forEachRemaining(Collections.java:1061)
	at java.base/java.util.Spliterators$IteratorSpliterator.forEachRemaining(Spliterators.java:1845)
	at java.base/java.util.stream.AbstractPipeline.copyInto(AbstractPipeline.java:509)
	at java.base/java.util.stream.AbstractPipeline.wrapAndCopyInto(AbstractPipeline.java:499)
	at java.base/java.util.stream.ReduceOps$ReduceOp.evaluateSequential(ReduceOps.java:921)
	at java.base/java.util.stream.AbstractPipeline.evaluate(AbstractPipeline.java:234)
	at java.base/java.util.stream.ReferencePipeline.collect(ReferencePipeline.java:682)
	at org.springframework.data.repository.core.support.QueryExecutorMethodInterceptor.mapMethodsToQuery(QueryExecutorMethodInterceptor.java:97)
	at org.springframework.data.repository.core.support.QueryExecutorMethodInterceptor.lambda$new$0(QueryExecutorMethodInterceptor.java:87)
	at java.base/java.util.Optional.map(Optional.java:260)
	at org.springframework.data.repository.core.support.QueryExecutorMethodInterceptor.<init>(QueryExecutorMethodInterceptor.java:87)
	at org.springframework.data.repository.core.support.RepositoryFactorySupport.getRepository(RepositoryFactorySupport.java:365)
	at org.springframework.data.repository.core.support.RepositoryFactoryBeanSupport.lambda$afterPropertiesSet$5(RepositoryFactoryBeanSupport.java:323)
	at org.springframework.data.util.Lazy.getNullable(Lazy.java:231)
	at org.springframework.data.util.Lazy.get(Lazy.java:115)
	at org.springframework.data.repository.core.support.RepositoryFactoryBeanSupport.afterPropertiesSet(RepositoryFactoryBeanSupport.java:329)
	at org.springframework.data.jpa.repository.support.JpaRepositoryFactoryBean.afterPropertiesSet(JpaRepositoryFactoryBean.java:144)
	at org.springframework.beans.factory.support.AbstractAutowireCapableBeanFactory.invokeInitMethods(AbstractAutowireCapableBeanFactory.java:1863)
	at org.springframework.beans.factory.support.AbstractAutowireCapableBeanFactory.initializeBean(AbstractAutowireCapableBeanFactory.java:1800)
	... 44 common frames omitted
Caused by: java.lang.IllegalArgumentException: Failed to create query for method public abstract java.util.List com.company.card_qr.repository.StudentRepository.findByGroupIdOrderOrderByBookNumber(java.lang.Integer)! No property 'order' found for type 'Integer' Traversed path: StudentEntity.groupId.
	at org.springframework.data.jpa.repository.query.PartTreeJpaQuery.<init>(PartTreeJpaQuery.java:96)
	at org.springframework.data.jpa.repository.query.JpaQueryLookupStrategy$CreateQueryLookupStrategy.resolveQuery(JpaQueryLookupStrategy.java:119)
	at org.springframework.data.jpa.repository.query.JpaQueryLookupStrategy$CreateIfNotFoundQueryLookupStrategy.resolveQuery(JpaQueryLookupStrategy.java:259)
	at org.springframework.data.jpa.repository.query.JpaQueryLookupStrategy$AbstractQueryLookupStrategy.resolveQuery(JpaQueryLookupStrategy.java:93)
	at org.springframework.data.repository.core.support.QueryExecutorMethodInterceptor.lookupQuery(QueryExecutorMethodInterceptor.java:103)
	... 66 common frames omitted
Caused by: org.springframework.data.mapping.PropertyReferenceException: No property 'order' found for type 'Integer' Traversed path: StudentEntity.groupId.
	at org.springframework.data.mapping.PropertyPath.<init>(PropertyPath.java:91)
	at org.springframework.data.mapping.PropertyPath.create(PropertyPath.java:438)
	at org.springframework.data.mapping.PropertyPath.create(PropertyPath.java:414)
	at org.springframework.data.mapping.PropertyPath.create(PropertyPath.java:448)
	at org.springframework.data.mapping.PropertyPath.create(PropertyPath.java:471)
	at org.springframework.data.mapping.PropertyPath.create(PropertyPath.java:414)
	at org.springframework.data.mapping.PropertyPath.lambda$from$0(PropertyPath.java:367)
	at java.base/java.util.concurrent.ConcurrentMap.computeIfAbsent(ConcurrentMap.java:330)
	at org.springframework.data.mapping.PropertyPath.from(PropertyPath.java:349)
	at org.springframework.data.mapping.PropertyPath.from(PropertyPath.java:332)
	at org.springframework.data.repository.query.parser.Part.<init>(Part.java:81)
	at org.springframework.data.repository.query.parser.PartTree$OrPart.lambda$new$0(PartTree.java:250)
	at java.base/java.util.stream.ReferencePipeline$3$1.accept(ReferencePipeline.java:197)
	at java.base/java.util.stream.ReferencePipeline$2$1.accept(ReferencePipeline.java:179)
	at java.base/java.util.Spliterators$ArraySpliterator.forEachRemaining(Spliterators.java:992)
	at java.base/java.util.stream.AbstractPipeline.copyInto(AbstractPipeline.java:509)
	at java.base/java.util.stream.AbstractPipeline.wrapAndCopyInto(AbstractPipeline.java:499)
	at java.base/java.util.stream.ReduceOps$ReduceOp.evaluateSequential(ReduceOps.java:921)
	at java.base/java.util.stream.AbstractPipeline.evaluate(AbstractPipeline.java:234)
	at java.base/java.util.stream.ReferencePipeline.collect(ReferencePipeline.java:682)
	at org.springframework.data.repository.query.parser.PartTree$OrPart.<init>(PartTree.java:251)
	at org.springframework.data.repository.query.parser.PartTree$Predicate.lambda$new$0(PartTree.java:384)
	at java.base/java.util.stream.ReferencePipeline$3$1.accept(ReferencePipeline.java:197)
	at java.base/java.util.stream.ReferencePipeline$2$1.accept(ReferencePipeline.java:179)
	at java.base/java.util.Spliterators$ArraySpliterator.forEachRemaining(Spliterators.java:992)
	at java.base/java.util.stream.AbstractPipeline.copyInto(AbstractPipeline.java:509)
	at java.base/java.util.stream.AbstractPipeline.wrapAndCopyInto(AbstractPipeline.java:499)
	at java.base/java.util.stream.ReduceOps$ReduceOp.evaluateSequential(ReduceOps.java:921)
	at java.base/java.util.stream.AbstractPipeline.evaluate(AbstractPipeline.java:234)
	at java.base/java.util.stream.ReferencePipeline.collect(ReferencePipeline.java:682)
	at org.springframework.data.repository.query.parser.PartTree$Predicate.<init>(PartTree.java:385)
	at org.springframework.data.repository.query.parser.PartTree.<init>(PartTree.java:96)
	at org.springframework.data.jpa.repository.query.PartTreeJpaQuery.<init>(PartTreeJpaQuery.java:89)
	... 70 common frames omitted
2022-11-21 04:34:15 - c.company.card_qr.CardQrApplication - [34mINFO [0;39m - Starting CardQrApplication using Java 17.0.2 on WIN-3AGF5SMQQM9 with PID 1228 (D:\Main Java\JAVA\card_qr\target\classes started by User in D:\Main Java\JAVA\card_qr)
2022-11-21 04:34:15 - c.company.card_qr.CardQrApplication - [39mDEBUG[0;39m - Running with Spring Boot v2.7.3, Spring v5.3.22
2022-11-21 04:34:15 - c.company.card_qr.CardQrApplication - [34mINFO [0;39m - The following 1 profile is active: "dev"
2022-11-21 04:34:15 - o.s.d.r.c.RepositoryConfigurationDelegate - [34mINFO [0;39m - Bootstrapping Spring Data JPA repositories in DEFAULT mode.
2022-11-21 04:34:15 - o.s.d.r.c.RepositoryConfigurationDelegate - [34mINFO [0;39m - Finished Spring Data repository scanning in 42 ms. Found 6 JPA repository interfaces.
2022-11-21 04:34:16 - o.s.b.w.e.tomcat.TomcatWebServer - [34mINFO [0;39m - Tomcat initialized with port(s): 8080 (http)
2022-11-21 04:34:16 - o.a.catalina.core.StandardService - [34mINFO [0;39m - Starting service [Tomcat]
2022-11-21 04:34:16 - o.a.catalina.core.StandardEngine - [34mINFO [0;39m - Starting Servlet engine: [Apache Tomcat/9.0.65]
2022-11-21 04:34:16 - o.a.c.c.C.[Tomcat].[localhost].[/] - [34mINFO [0;39m - Initializing Spring embedded WebApplicationContext
2022-11-21 04:34:16 - o.s.b.w.s.c.ServletWebServerApplicationContext - [34mINFO [0;39m - Root WebApplicationContext: initialization completed in 1142 ms
2022-11-21 04:34:16 - o.h.jpa.internal.util.LogHelper - [34mINFO [0;39m - HHH000204: Processing PersistenceUnitInfo [name: default]
2022-11-21 04:34:16 - org.hibernate.Version - [34mINFO [0;39m - HHH000412: Hibernate ORM core version 5.6.10.Final
2022-11-21 04:34:16 - o.h.annotations.common.Version - [34mINFO [0;39m - HCANN000001: Hibernate Commons Annotations {5.1.2.Final}
2022-11-21 04:34:16 - com.zaxxer.hikari.HikariDataSource - [34mINFO [0;39m - HikariPool-1 - Starting...
2022-11-21 04:34:16 - com.zaxxer.hikari.HikariDataSource - [34mINFO [0;39m - HikariPool-1 - Start completed.
2022-11-21 04:34:16 - org.hibernate.dialect.Dialect - [34mINFO [0;39m - HHH000400: Using dialect: org.hibernate.dialect.PostgreSQLDialect
2022-11-21 04:34:16 - org.hibernate.id.UUIDHexGenerator - [31mWARN [0;39m - HHH000409: Using org.hibernate.id.UUIDHexGenerator which does not generate IETF RFC 4122 compliant UUID values; consider using org.hibernate.id.UUIDGenerator instead
2022-11-21 04:34:17 - o.h.e.t.j.p.i.JtaPlatformInitiator - [34mINFO [0;39m - HHH000490: Using JtaPlatform implementation: [org.hibernate.engine.transaction.jta.platform.internal.NoJtaPlatform]
2022-11-21 04:34:17 - o.s.o.j.LocalContainerEntityManagerFactoryBean - [34mINFO [0;39m - Initialized JPA EntityManagerFactory for persistence unit 'default'
2022-11-21 04:34:17 - c.c.card_qr.config.filter.JwtFilter - [39mDEBUG[0;39m - Filter 'jwtFilter' configured for use
2022-11-21 04:34:17 - o.s.b.a.o.j.JpaBaseConfiguration$JpaWebConfiguration - [31mWARN [0;39m - spring.jpa.open-in-view is enabled by default. Therefore, database queries may be performed during view rendering. Explicitly configure spring.jpa.open-in-view to disable this warning
2022-11-21 04:34:17 - o.s.s.web.DefaultSecurityFilterChain - [34mINFO [0;39m - Will secure any request with [org.springframework.security.web.session.DisableEncodeUrlFilter@406d922, org.springframework.security.web.context.request.async.WebAsyncManagerIntegrationFilter@56017274, org.springframework.security.web.context.SecurityContextPersistenceFilter@7621c3f7, org.springframework.security.web.header.HeaderWriterFilter@52a605c3, org.springframework.web.filter.CorsFilter@2bf0bb93, org.springframework.security.web.authentication.logout.LogoutFilter@1cb73a92, com.company.card_qr.config.filter.JwtFilter@6b3bc1f6, org.springframework.security.web.savedrequest.RequestCacheAwareFilter@5608e254, org.springframework.security.web.servletapi.SecurityContextHolderAwareRequestFilter@3a61d819, org.springframework.security.web.authentication.AnonymousAuthenticationFilter@23adbd6b, org.springframework.security.web.session.SessionManagementFilter@4e9d203e, org.springframework.security.web.access.ExceptionTranslationFilter@432b883, org.springframework.security.web.access.intercept.FilterSecurityInterceptor@4645a575]
2022-11-21 04:34:18 - o.s.b.w.e.tomcat.TomcatWebServer - [34mINFO [0;39m - Tomcat started on port(s): 8080 (http) with context path ''
2022-11-21 04:34:18 - c.company.card_qr.CardQrApplication - [34mINFO [0;39m - Started CardQrApplication in 3.702 seconds (JVM running for 4.145)
2022-11-21 04:34:33 - o.a.c.c.C.[Tomcat].[localhost].[/] - [34mINFO [0;39m - Initializing Spring DispatcherServlet 'dispatcherServlet'
2022-11-21 04:34:33 - o.s.web.servlet.DispatcherServlet - [34mINFO [0;39m - Initializing Servlet 'dispatcherServlet'
2022-11-21 04:34:33 - o.s.web.servlet.DispatcherServlet - [34mINFO [0;39m - Completed initialization in 1 ms
2022-11-21 04:34:33 - c.c.c.controller.StudentController - [34mINFO [0;39m - STUDENT Controller: ADMIN SHOW GORUP LIST STUDENT: 7
2022-11-21 04:35:50 - o.s.o.j.LocalContainerEntityManagerFactoryBean - [34mINFO [0;39m - Closing JPA EntityManagerFactory for persistence unit 'default'
2022-11-21 04:35:50 - com.zaxxer.hikari.HikariDataSource - [34mINFO [0;39m - HikariPool-1 - Shutdown initiated...
2022-11-21 04:35:50 - com.zaxxer.hikari.HikariDataSource - [34mINFO [0;39m - HikariPool-1 - Shutdown completed.
2022-11-21 04:35:56 - c.company.card_qr.CardQrApplication - [34mINFO [0;39m - Starting CardQrApplication using Java 17.0.2 on WIN-3AGF5SMQQM9 with PID 11640 (D:\Main Java\JAVA\card_qr\target\classes started by User in D:\Main Java\JAVA\card_qr)
2022-11-21 04:35:56 - c.company.card_qr.CardQrApplication - [39mDEBUG[0;39m - Running with Spring Boot v2.7.3, Spring v5.3.22
2022-11-21 04:35:56 - c.company.card_qr.CardQrApplication - [34mINFO [0;39m - The following 1 profile is active: "dev"
2022-11-21 04:35:56 - o.s.d.r.c.RepositoryConfigurationDelegate - [34mINFO [0;39m - Bootstrapping Spring Data JPA repositories in DEFAULT mode.
2022-11-21 04:35:56 - o.s.d.r.c.RepositoryConfigurationDelegate - [34mINFO [0;39m - Finished Spring Data repository scanning in 38 ms. Found 6 JPA repository interfaces.
2022-11-21 04:35:57 - o.s.b.w.e.tomcat.TomcatWebServer - [34mINFO [0;39m - Tomcat initialized with port(s): 8080 (http)
2022-11-21 04:35:57 - o.a.catalina.core.StandardService - [34mINFO [0;39m - Starting service [Tomcat]
2022-11-21 04:35:57 - o.a.catalina.core.StandardEngine - [34mINFO [0;39m - Starting Servlet engine: [Apache Tomcat/9.0.65]
2022-11-21 04:35:57 - o.a.c.c.C.[Tomcat].[localhost].[/] - [34mINFO [0;39m - Initializing Spring embedded WebApplicationContext
2022-11-21 04:35:57 - o.s.b.w.s.c.ServletWebServerApplicationContext - [34mINFO [0;39m - Root WebApplicationContext: initialization completed in 1154 ms
2022-11-21 04:35:57 - o.h.jpa.internal.util.LogHelper - [34mINFO [0;39m - HHH000204: Processing PersistenceUnitInfo [name: default]
2022-11-21 04:35:57 - org.hibernate.Version - [34mINFO [0;39m - HHH000412: Hibernate ORM core version 5.6.10.Final
2022-11-21 04:35:57 - o.h.annotations.common.Version - [34mINFO [0;39m - HCANN000001: Hibernate Commons Annotations {5.1.2.Final}
2022-11-21 04:35:57 - com.zaxxer.hikari.HikariDataSource - [34mINFO [0;39m - HikariPool-1 - Starting...
2022-11-21 04:35:57 - com.zaxxer.hikari.HikariDataSource - [34mINFO [0;39m - HikariPool-1 - Start completed.
2022-11-21 04:35:57 - org.hibernate.dialect.Dialect - [34mINFO [0;39m - HHH000400: Using dialect: org.hibernate.dialect.PostgreSQLDialect
2022-11-21 04:35:57 - org.hibernate.id.UUIDHexGenerator - [31mWARN [0;39m - HHH000409: Using org.hibernate.id.UUIDHexGenerator which does not generate IETF RFC 4122 compliant UUID values; consider using org.hibernate.id.UUIDGenerator instead
2022-11-21 04:35:58 - o.h.e.t.j.p.i.JtaPlatformInitiator - [34mINFO [0;39m - HHH000490: Using JtaPlatform implementation: [org.hibernate.engine.transaction.jta.platform.internal.NoJtaPlatform]
2022-11-21 04:35:58 - o.s.o.j.LocalContainerEntityManagerFactoryBean - [34mINFO [0;39m - Initialized JPA EntityManagerFactory for persistence unit 'default'
2022-11-21 04:35:58 - c.c.card_qr.config.filter.JwtFilter - [39mDEBUG[0;39m - Filter 'jwtFilter' configured for use
2022-11-21 04:35:58 - o.s.b.a.o.j.JpaBaseConfiguration$JpaWebConfiguration - [31mWARN [0;39m - spring.jpa.open-in-view is enabled by default. Therefore, database queries may be performed during view rendering. Explicitly configure spring.jpa.open-in-view to disable this warning
2022-11-21 04:35:58 - o.s.s.web.DefaultSecurityFilterChain - [34mINFO [0;39m - Will secure any request with [org.springframework.security.web.session.DisableEncodeUrlFilter@16e3d6d0, org.springframework.security.web.context.request.async.WebAsyncManagerIntegrationFilter@406d922, org.springframework.security.web.context.SecurityContextPersistenceFilter@5687ade6, org.springframework.security.web.header.HeaderWriterFilter@43414b88, org.springframework.web.filter.CorsFilter@56017274, org.springframework.security.web.authentication.logout.LogoutFilter@2c3d0ff8, com.company.card_qr.config.filter.JwtFilter@5c7a06ec, org.springframework.security.web.savedrequest.RequestCacheAwareFilter@519a81dd, org.springframework.security.web.servletapi.SecurityContextHolderAwareRequestFilter@1bca9b64, org.springframework.security.web.authentication.AnonymousAuthenticationFilter@2bf0bb93, org.springframework.security.web.session.SessionManagementFilter@1f57fa23, org.springframework.security.web.access.ExceptionTranslationFilter@5f69462f, org.springframework.security.web.access.intercept.FilterSecurityInterceptor@62a6a47e]
2022-11-21 04:35:59 - o.s.b.w.e.tomcat.TomcatWebServer - [34mINFO [0;39m - Tomcat started on port(s): 8080 (http) with context path ''
2022-11-21 04:35:59 - c.company.card_qr.CardQrApplication - [34mINFO [0;39m - Started CardQrApplication in 3.696 seconds (JVM running for 4.133)
2022-11-21 04:36:07 - o.a.c.c.C.[Tomcat].[localhost].[/] - [34mINFO [0;39m - Initializing Spring DispatcherServlet 'dispatcherServlet'
2022-11-21 04:36:07 - o.s.web.servlet.DispatcherServlet - [34mINFO [0;39m - Initializing Servlet 'dispatcherServlet'
2022-11-21 04:36:07 - o.s.web.servlet.DispatcherServlet - [34mINFO [0;39m - Completed initialization in 1 ms
2022-11-21 04:36:07 - c.c.c.controller.StudentController - [34mINFO [0;39m - STUDENT Controller: ADMIN SHOW GORUP LIST STUDENT: 7
2022-11-21 04:36:59 - o.s.o.j.LocalContainerEntityManagerFactoryBean - [34mINFO [0;39m - Closing JPA EntityManagerFactory for persistence unit 'default'
2022-11-21 04:36:59 - com.zaxxer.hikari.HikariDataSource - [34mINFO [0;39m - HikariPool-1 - Shutdown initiated...
2022-11-21 04:36:59 - com.zaxxer.hikari.HikariDataSource - [34mINFO [0;39m - HikariPool-1 - Shutdown completed.
2022-11-21 04:37:03 - c.company.card_qr.CardQrApplication - [34mINFO [0;39m - Starting CardQrApplication using Java 17.0.2 on WIN-3AGF5SMQQM9 with PID 3512 (D:\Main Java\JAVA\card_qr\target\classes started by User in D:\Main Java\JAVA\card_qr)
2022-11-21 04:37:03 - c.company.card_qr.CardQrApplication - [39mDEBUG[0;39m - Running with Spring Boot v2.7.3, Spring v5.3.22
2022-11-21 04:37:03 - c.company.card_qr.CardQrApplication - [34mINFO [0;39m - The following 1 profile is active: "dev"
2022-11-21 04:37:04 - o.s.d.r.c.RepositoryConfigurationDelegate - [34mINFO [0;39m - Bootstrapping Spring Data JPA repositories in DEFAULT mode.
2022-11-21 04:37:04 - o.s.d.r.c.RepositoryConfigurationDelegate - [34mINFO [0;39m - Finished Spring Data repository scanning in 41 ms. Found 6 JPA repository interfaces.
2022-11-21 04:37:05 - o.s.b.w.e.tomcat.TomcatWebServer - [34mINFO [0;39m - Tomcat initialized with port(s): 8080 (http)
2022-11-21 04:37:05 - o.a.catalina.core.StandardService - [34mINFO [0;39m - Starting service [Tomcat]
2022-11-21 04:37:05 - o.a.catalina.core.StandardEngine - [34mINFO [0;39m - Starting Servlet engine: [Apache Tomcat/9.0.65]
2022-11-21 04:37:05 - o.a.c.c.C.[Tomcat].[localhost].[/] - [34mINFO [0;39m - Initializing Spring embedded WebApplicationContext
2022-11-21 04:37:05 - o.s.b.w.s.c.ServletWebServerApplicationContext - [34mINFO [0;39m - Root WebApplicationContext: initialization completed in 1144 ms
2022-11-21 04:37:05 - o.h.jpa.internal.util.LogHelper - [34mINFO [0;39m - HHH000204: Processing PersistenceUnitInfo [name: default]
2022-11-21 04:37:05 - org.hibernate.Version - [34mINFO [0;39m - HHH000412: Hibernate ORM core version 5.6.10.Final
2022-11-21 04:37:05 - o.h.annotations.common.Version - [34mINFO [0;39m - HCANN000001: Hibernate Commons Annotations {5.1.2.Final}
2022-11-21 04:37:05 - com.zaxxer.hikari.HikariDataSource - [34mINFO [0;39m - HikariPool-1 - Starting...
2022-11-21 04:37:05 - com.zaxxer.hikari.HikariDataSource - [34mINFO [0;39m - HikariPool-1 - Start completed.
2022-11-21 04:37:05 - org.hibernate.dialect.Dialect - [34mINFO [0;39m - HHH000400: Using dialect: org.hibernate.dialect.PostgreSQLDialect
2022-11-21 04:37:05 - org.hibernate.id.UUIDHexGenerator - [31mWARN [0;39m - HHH000409: Using org.hibernate.id.UUIDHexGenerator which does not generate IETF RFC 4122 compliant UUID values; consider using org.hibernate.id.UUIDGenerator instead
2022-11-21 04:37:05 - o.h.e.t.j.p.i.JtaPlatformInitiator - [34mINFO [0;39m - HHH000490: Using JtaPlatform implementation: [org.hibernate.engine.transaction.jta.platform.internal.NoJtaPlatform]
2022-11-21 04:37:05 - o.s.o.j.LocalContainerEntityManagerFactoryBean - [34mINFO [0;39m - Initialized JPA EntityManagerFactory for persistence unit 'default'
2022-11-21 04:37:06 - c.c.card_qr.config.filter.JwtFilter - [39mDEBUG[0;39m - Filter 'jwtFilter' configured for use
2022-11-21 04:37:06 - o.s.b.a.o.j.JpaBaseConfiguration$JpaWebConfiguration - [31mWARN [0;39m - spring.jpa.open-in-view is enabled by default. Therefore, database queries may be performed during view rendering. Explicitly configure spring.jpa.open-in-view to disable this warning
2022-11-21 04:37:06 - o.s.s.web.DefaultSecurityFilterChain - [34mINFO [0;39m - Will secure any request with [org.springframework.security.web.session.DisableEncodeUrlFilter@3ca5da54, org.springframework.security.web.context.request.async.WebAsyncManagerIntegrationFilter@57a0aeb8, org.springframework.security.web.context.SecurityContextPersistenceFilter@1f57fa23, org.springframework.security.web.header.HeaderWriterFilter@432b883, org.springframework.web.filter.CorsFilter@45f70f68, org.springframework.security.web.authentication.logout.LogoutFilter@79a92277, com.company.card_qr.config.filter.JwtFilter@5c7a06ec, org.springframework.security.web.savedrequest.RequestCacheAwareFilter@39f7cc46, org.springframework.security.web.servletapi.SecurityContextHolderAwareRequestFilter@40dc2ade, org.springframework.security.web.authentication.AnonymousAuthenticationFilter@16e3d6d0, org.springframework.security.web.session.SessionManagementFilter@224e7aa5, org.springframework.security.web.access.ExceptionTranslationFilter@1529d534, org.springframework.security.web.access.intercept.FilterSecurityInterceptor@1fd77205]
2022-11-21 04:37:07 - o.s.b.w.e.tomcat.TomcatWebServer - [34mINFO [0;39m - Tomcat started on port(s): 8080 (http) with context path ''
2022-11-21 04:37:07 - c.company.card_qr.CardQrApplication - [34mINFO [0;39m - Started CardQrApplication in 3.786 seconds (JVM running for 4.201)
2022-11-21 04:37:12 - o.a.c.c.C.[Tomcat].[localhost].[/] - [34mINFO [0;39m - Initializing Spring DispatcherServlet 'dispatcherServlet'
2022-11-21 04:37:12 - o.s.web.servlet.DispatcherServlet - [34mINFO [0;39m - Initializing Servlet 'dispatcherServlet'
2022-11-21 04:37:12 - o.s.web.servlet.DispatcherServlet - [34mINFO [0;39m - Completed initialization in 1 ms
2022-11-21 04:37:12 - c.c.c.controller.StudentController - [34mINFO [0;39m - STUDENT Controller: ADMIN SHOW GORUP LIST STUDENT: 7
2022-11-21 04:38:50 - c.c.c.controller.StudentController - [34mINFO [0;39m - STUDENT Controller: ADMIN SHOW GORUP LIST STUDENT: 7
2022-11-21 04:41:08 - c.c.c.controller.StudentController - [34mINFO [0;39m - STUDENT Controller: ADMIN SHOW GORUP LIST STUDENT: 7
2022-11-21 04:41:32 - o.s.o.j.LocalContainerEntityManagerFactoryBean - [34mINFO [0;39m - Closing JPA EntityManagerFactory for persistence unit 'default'
2022-11-21 04:41:32 - com.zaxxer.hikari.HikariDataSource - [34mINFO [0;39m - HikariPool-1 - Shutdown initiated...
2022-11-21 04:41:32 - com.zaxxer.hikari.HikariDataSource - [34mINFO [0;39m - HikariPool-1 - Shutdown completed.
2022-11-21 04:42:31 - c.c.card_qr.CardQrApplicationTests - [34mINFO [0;39m - Starting CardQrApplicationTests using Java 17.0.2 on WIN-3AGF5SMQQM9 with PID 3872 (started by User in D:\Main Java\JAVA\card_qr)
2022-11-21 04:42:31 - c.c.card_qr.CardQrApplicationTests - [39mDEBUG[0;39m - Running with Spring Boot v2.7.3, Spring v5.3.22
2022-11-21 04:42:31 - c.c.card_qr.CardQrApplicationTests - [34mINFO [0;39m - The following 1 profile is active: "dev"
2022-11-21 04:42:32 - o.s.d.r.c.RepositoryConfigurationDelegate - [34mINFO [0;39m - Bootstrapping Spring Data JPA repositories in DEFAULT mode.
2022-11-21 04:42:32 - o.s.d.r.c.RepositoryConfigurationDelegate - [34mINFO [0;39m - Finished Spring Data repository scanning in 54 ms. Found 6 JPA repository interfaces.
2022-11-21 04:42:33 - o.h.jpa.internal.util.LogHelper - [34mINFO [0;39m - HHH000204: Processing PersistenceUnitInfo [name: default]
2022-11-21 04:42:33 - org.hibernate.Version - [34mINFO [0;39m - HHH000412: Hibernate ORM core version 5.6.10.Final
2022-11-21 04:42:33 - o.h.annotations.common.Version - [34mINFO [0;39m - HCANN000001: Hibernate Commons Annotations {5.1.2.Final}
2022-11-21 04:42:33 - com.zaxxer.hikari.HikariDataSource - [34mINFO [0;39m - HikariPool-1 - Starting...
2022-11-21 04:42:33 - com.zaxxer.hikari.HikariDataSource - [34mINFO [0;39m - HikariPool-1 - Start completed.
2022-11-21 04:42:33 - org.hibernate.dialect.Dialect - [34mINFO [0;39m - HHH000400: Using dialect: org.hibernate.dialect.PostgreSQLDialect
2022-11-21 04:42:33 - org.hibernate.id.UUIDHexGenerator - [31mWARN [0;39m - HHH000409: Using org.hibernate.id.UUIDHexGenerator which does not generate IETF RFC 4122 compliant UUID values; consider using org.hibernate.id.UUIDGenerator instead
2022-11-21 04:42:34 - o.h.e.t.j.p.i.JtaPlatformInitiator - [34mINFO [0;39m - HHH000490: Using JtaPlatform implementation: [org.hibernate.engine.transaction.jta.platform.internal.NoJtaPlatform]
2022-11-21 04:42:34 - o.s.o.j.LocalContainerEntityManagerFactoryBean - [34mINFO [0;39m - Initialized JPA EntityManagerFactory for persistence unit 'default'
2022-11-21 04:42:34 - o.s.b.a.o.j.JpaBaseConfiguration$JpaWebConfiguration - [31mWARN [0;39m - spring.jpa.open-in-view is enabled by default. Therefore, database queries may be performed during view rendering. Explicitly configure spring.jpa.open-in-view to disable this warning
2022-11-21 04:42:36 - o.s.s.web.DefaultSecurityFilterChain - [34mINFO [0;39m - Will secure any request with [org.springframework.security.web.session.DisableEncodeUrlFilter@1d160161, org.springframework.security.web.context.request.async.WebAsyncManagerIntegrationFilter@6c9e7af2, org.springframework.security.web.context.SecurityContextPersistenceFilter@1b2e841, org.springframework.security.web.header.HeaderWriterFilter@1bb3e150, org.springframework.web.filter.CorsFilter@48cbb4c5, org.springframework.security.web.authentication.logout.LogoutFilter@52f71d2, com.company.card_qr.config.filter.JwtFilter@34c07ecc, org.springframework.security.web.savedrequest.RequestCacheAwareFilter@7a085d02, org.springframework.security.web.servletapi.SecurityContextHolderAwareRequestFilter@5a0b550a, org.springframework.security.web.authentication.AnonymousAuthenticationFilter@af04d6d, org.springframework.security.web.session.SessionManagementFilter@55f4ec04, org.springframework.security.web.access.ExceptionTranslationFilter@2ee5fe1e, org.springframework.security.web.access.intercept.FilterSecurityInterceptor@5101b9]
2022-11-21 04:42:37 - c.c.card_qr.CardQrApplicationTests - [34mINFO [0;39m - Started CardQrApplicationTests in 5.846 seconds (JVM running for 6.622)
2022-11-21 04:42:37 - o.s.o.j.LocalContainerEntityManagerFactoryBean - [34mINFO [0;39m - Closing JPA EntityManagerFactory for persistence unit 'default'
2022-11-21 04:42:37 - com.zaxxer.hikari.HikariDataSource - [34mINFO [0;39m - HikariPool-1 - Shutdown initiated...
2022-11-21 04:42:37 - com.zaxxer.hikari.HikariDataSource - [34mINFO [0;39m - HikariPool-1 - Shutdown completed.
2022-11-21 04:54:45 - c.company.card_qr.CardQrApplication - [34mINFO [0;39m - Starting CardQrApplication using Java 17.0.2 on WIN-3AGF5SMQQM9 with PID 1652 (D:\Main Java\JAVA\card_qr\target\classes started by User in D:\Main Java\JAVA\card_qr)
2022-11-21 04:54:45 - c.company.card_qr.CardQrApplication - [39mDEBUG[0;39m - Running with Spring Boot v2.7.3, Spring v5.3.22
2022-11-21 04:54:45 - c.company.card_qr.CardQrApplication - [34mINFO [0;39m - The following 1 profile is active: "dev"
2022-11-21 04:54:46 - o.s.d.r.c.RepositoryConfigurationDelegate - [34mINFO [0;39m - Bootstrapping Spring Data JPA repositories in DEFAULT mode.
2022-11-21 04:54:46 - o.s.d.r.c.RepositoryConfigurationDelegate - [34mINFO [0;39m - Finished Spring Data repository scanning in 44 ms. Found 6 JPA repository interfaces.
2022-11-21 04:54:46 - o.s.b.w.e.tomcat.TomcatWebServer - [34mINFO [0;39m - Tomcat initialized with port(s): 8080 (http)
2022-11-21 04:54:46 - o.a.catalina.core.StandardService - [34mINFO [0;39m - Starting service [Tomcat]
2022-11-21 04:54:46 - o.a.catalina.core.StandardEngine - [34mINFO [0;39m - Starting Servlet engine: [Apache Tomcat/9.0.65]
2022-11-21 04:54:46 - o.a.c.c.C.[Tomcat].[localhost].[/] - [34mINFO [0;39m - Initializing Spring embedded WebApplicationContext
2022-11-21 04:54:46 - o.s.b.w.s.c.ServletWebServerApplicationContext - [34mINFO [0;39m - Root WebApplicationContext: initialization completed in 1186 ms
2022-11-21 04:54:46 - o.h.jpa.internal.util.LogHelper - [34mINFO [0;39m - HHH000204: Processing PersistenceUnitInfo [name: default]
2022-11-21 04:54:46 - org.hibernate.Version - [34mINFO [0;39m - HHH000412: Hibernate ORM core version 5.6.10.Final
2022-11-21 04:54:46 - o.h.annotations.common.Version - [34mINFO [0;39m - HCANN000001: Hibernate Commons Annotations {5.1.2.Final}
2022-11-21 04:54:46 - com.zaxxer.hikari.HikariDataSource - [34mINFO [0;39m - HikariPool-1 - Starting...
2022-11-21 04:54:47 - com.zaxxer.hikari.HikariDataSource - [34mINFO [0;39m - HikariPool-1 - Start completed.
2022-11-21 04:54:47 - org.hibernate.dialect.Dialect - [34mINFO [0;39m - HHH000400: Using dialect: org.hibernate.dialect.PostgreSQLDialect
2022-11-21 04:54:47 - org.hibernate.id.UUIDHexGenerator - [31mWARN [0;39m - HHH000409: Using org.hibernate.id.UUIDHexGenerator which does not generate IETF RFC 4122 compliant UUID values; consider using org.hibernate.id.UUIDGenerator instead
2022-11-21 04:54:47 - o.h.e.t.j.p.i.JtaPlatformInitiator - [34mINFO [0;39m - HHH000490: Using JtaPlatform implementation: [org.hibernate.engine.transaction.jta.platform.internal.NoJtaPlatform]
2022-11-21 04:54:47 - o.s.o.j.LocalContainerEntityManagerFactoryBean - [34mINFO [0;39m - Initialized JPA EntityManagerFactory for persistence unit 'default'
2022-11-21 04:54:47 - c.c.card_qr.config.filter.JwtFilter - [39mDEBUG[0;39m - Filter 'jwtFilter' configured for use
2022-11-21 04:54:47 - o.s.b.a.o.j.JpaBaseConfiguration$JpaWebConfiguration - [31mWARN [0;39m - spring.jpa.open-in-view is enabled by default. Therefore, database queries may be performed during view rendering. Explicitly configure spring.jpa.open-in-view to disable this warning
2022-11-21 04:54:48 - o.s.s.web.DefaultSecurityFilterChain - [34mINFO [0;39m - Will secure any request with [org.springframework.security.web.session.DisableEncodeUrlFilter@406d922, org.springframework.security.web.context.request.async.WebAsyncManagerIntegrationFilter@56017274, org.springframework.security.web.context.SecurityContextPersistenceFilter@7621c3f7, org.springframework.security.web.header.HeaderWriterFilter@52a605c3, org.springframework.web.filter.CorsFilter@2bf0bb93, org.springframework.security.web.authentication.logout.LogoutFilter@1cb73a92, com.company.card_qr.config.filter.JwtFilter@5c7a06ec, org.springframework.security.web.savedrequest.RequestCacheAwareFilter@5608e254, org.springframework.security.web.servletapi.SecurityContextHolderAwareRequestFilter@3a61d819, org.springframework.security.web.authentication.AnonymousAuthenticationFilter@23adbd6b, org.springframework.security.web.session.SessionManagementFilter@4e9d203e, org.springframework.security.web.access.ExceptionTranslationFilter@432b883, org.springframework.security.web.access.intercept.FilterSecurityInterceptor@4645a575]
2022-11-21 04:54:48 - o.s.b.w.e.tomcat.TomcatWebServer - [34mINFO [0;39m - Tomcat started on port(s): 8080 (http) with context path ''
2022-11-21 04:54:49 - c.company.card_qr.CardQrApplication - [34mINFO [0;39m - Started CardQrApplication in 3.863 seconds (JVM running for 4.391)
2022-11-21 04:54:49 - o.a.c.c.C.[Tomcat].[localhost].[/] - [34mINFO [0;39m - Initializing Spring DispatcherServlet 'dispatcherServlet'
2022-11-21 04:54:49 - o.s.web.servlet.DispatcherServlet - [34mINFO [0;39m - Initializing Servlet 'dispatcherServlet'
2022-11-21 04:54:49 - o.s.web.servlet.DispatcherServlet - [34mINFO [0;39m - Completed initialization in 1 ms
2022-11-21 04:54:58 - c.c.c.controller.GroupController - [34mINFO [0;39m - GROUP Controller: TEACHER OF GROUP: 4028e4c6834d11ba01834d2a281e0000
2022-11-21 04:55:27 - c.c.c.controller.GroupController - [34mINFO [0;39m - GROUP Controller: TEACHER OF GROUP : 4028e4c6834d11ba01834d2a281e0000
2022-11-21 04:56:11 - c.c.c.controller.GroupController - [34mINFO [0;39m - GROUP Controller: TEACHER OF GROUP : 8a81954183b2db940183b2df6cbd0001
2022-11-21 04:57:52 - o.s.o.j.LocalContainerEntityManagerFactoryBean - [34mINFO [0;39m - Closing JPA EntityManagerFactory for persistence unit 'default'
2022-11-21 04:57:52 - com.zaxxer.hikari.HikariDataSource - [34mINFO [0;39m - HikariPool-1 - Shutdown initiated...
2022-11-21 04:57:52 - com.zaxxer.hikari.HikariDataSource - [34mINFO [0;39m - HikariPool-1 - Shutdown completed.
2022-11-21 04:58:11 - c.company.card_qr.CardQrApplication - [34mINFO [0;39m - Starting CardQrApplication using Java 17.0.2 on WIN-3AGF5SMQQM9 with PID 12032 (D:\Main Java\JAVA\card_qr\target\classes started by User in D:\Main Java\JAVA\card_qr)
2022-11-21 04:58:11 - c.company.card_qr.CardQrApplication - [39mDEBUG[0;39m - Running with Spring Boot v2.7.3, Spring v5.3.22
2022-11-21 04:58:11 - c.company.card_qr.CardQrApplication - [34mINFO [0;39m - The following 1 profile is active: "dev"
2022-11-21 04:58:11 - o.s.d.r.c.RepositoryConfigurationDelegate - [34mINFO [0;39m - Bootstrapping Spring Data JPA repositories in DEFAULT mode.
2022-11-21 04:58:11 - o.s.d.r.c.RepositoryConfigurationDelegate - [34mINFO [0;39m - Finished Spring Data repository scanning in 42 ms. Found 6 JPA repository interfaces.
2022-11-21 04:58:12 - o.s.b.w.e.tomcat.TomcatWebServer - [34mINFO [0;39m - Tomcat initialized with port(s): 8080 (http)
2022-11-21 04:58:12 - o.a.catalina.core.StandardService - [34mINFO [0;39m - Starting service [Tomcat]
2022-11-21 04:58:12 - o.a.catalina.core.StandardEngine - [34mINFO [0;39m - Starting Servlet engine: [Apache Tomcat/9.0.65]
2022-11-21 04:58:12 - o.a.c.c.C.[Tomcat].[localhost].[/] - [34mINFO [0;39m - Initializing Spring embedded WebApplicationContext
2022-11-21 04:58:12 - o.s.b.w.s.c.ServletWebServerApplicationContext - [34mINFO [0;39m - Root WebApplicationContext: initialization completed in 1150 ms
2022-11-21 04:58:12 - o.h.jpa.internal.util.LogHelper - [34mINFO [0;39m - HHH000204: Processing PersistenceUnitInfo [name: default]
2022-11-21 04:58:12 - org.hibernate.Version - [34mINFO [0;39m - HHH000412: Hibernate ORM core version 5.6.10.Final
2022-11-21 04:58:12 - o.h.annotations.common.Version - [34mINFO [0;39m - HCANN000001: Hibernate Commons Annotations {5.1.2.Final}
2022-11-21 04:58:12 - com.zaxxer.hikari.HikariDataSource - [34mINFO [0;39m - HikariPool-1 - Starting...
2022-11-21 04:58:12 - com.zaxxer.hikari.HikariDataSource - [34mINFO [0;39m - HikariPool-1 - Start completed.
2022-11-21 04:58:12 - org.hibernate.dialect.Dialect - [34mINFO [0;39m - HHH000400: Using dialect: org.hibernate.dialect.PostgreSQLDialect
2022-11-21 04:58:12 - org.hibernate.id.UUIDHexGenerator - [31mWARN [0;39m - HHH000409: Using org.hibernate.id.UUIDHexGenerator which does not generate IETF RFC 4122 compliant UUID values; consider using org.hibernate.id.UUIDGenerator instead
2022-11-21 04:58:13 - o.h.e.t.j.p.i.JtaPlatformInitiator - [34mINFO [0;39m - HHH000490: Using JtaPlatform implementation: [org.hibernate.engine.transaction.jta.platform.internal.NoJtaPlatform]
2022-11-21 04:58:13 - o.s.o.j.LocalContainerEntityManagerFactoryBean - [34mINFO [0;39m - Initialized JPA EntityManagerFactory for persistence unit 'default'
2022-11-21 04:58:13 - c.c.card_qr.config.filter.JwtFilter - [39mDEBUG[0;39m - Filter 'jwtFilter' configured for use
2022-11-21 04:58:13 - o.s.b.a.o.j.JpaBaseConfiguration$JpaWebConfiguration - [31mWARN [0;39m - spring.jpa.open-in-view is enabled by default. Therefore, database queries may be performed during view rendering. Explicitly configure spring.jpa.open-in-view to disable this warning
2022-11-21 04:58:14 - o.s.s.web.DefaultSecurityFilterChain - [34mINFO [0;39m - Will secure any request with [org.springframework.security.web.session.DisableEncodeUrlFilter@3733b1f4, org.springframework.security.web.context.request.async.WebAsyncManagerIntegrationFilter@70f0c352, org.springframework.security.web.context.SecurityContextPersistenceFilter@10664c3d, org.springframework.security.web.header.HeaderWriterFilter@386ea60f, org.springframework.web.filter.CorsFilter@4e93d23e, org.springframework.security.web.authentication.logout.LogoutFilter@2a9f7572, com.company.card_qr.config.filter.JwtFilter@548f4f60, org.springframework.security.web.savedrequest.RequestCacheAwareFilter@7712df76, org.springframework.security.web.servletapi.SecurityContextHolderAwareRequestFilter@574134ba, org.springframework.security.web.authentication.AnonymousAuthenticationFilter@743b7025, org.springframework.security.web.session.SessionManagementFilter@5cf6ba1c, org.springframework.security.web.access.ExceptionTranslationFilter@1bca9b64, org.springframework.security.web.access.intercept.FilterSecurityInterceptor@328e687e]
2022-11-21 04:58:14 - o.s.b.w.e.tomcat.TomcatWebServer - [34mINFO [0;39m - Tomcat started on port(s): 8080 (http) with context path ''
2022-11-21 04:58:14 - c.company.card_qr.CardQrApplication - [34mINFO [0;39m - Started CardQrApplication in 3.772 seconds (JVM running for 4.21)
2022-11-21 04:58:32 - o.a.c.c.C.[Tomcat].[localhost].[/] - [34mINFO [0;39m - Initializing Spring DispatcherServlet 'dispatcherServlet'
2022-11-21 04:58:32 - o.s.web.servlet.DispatcherServlet - [34mINFO [0;39m - Initializing Servlet 'dispatcherServlet'
2022-11-21 04:58:32 - o.s.web.servlet.DispatcherServlet - [34mINFO [0;39m - Completed initialization in 0 ms
2022-11-21 04:58:32 - c.c.c.controller.GroupController - [34mINFO [0;39m - GROUP Controller: TEACHER OF GROUP : 8a81954183b2db940183b2df6cbd0001
2022-11-21 04:58:32 - c.c.card_qr.service.GroupService - [1;31mERROR[0;39m - GROUP Service : Groups of Teacher (guruhlari yo'q) TEACHER_ID: 8a81954183b2db940183b2df6cbd0001
2022-11-21 04:58:49 - c.c.c.controller.GroupController - [34mINFO [0;39m - GROUP Controller: TEACHER OF GROUP : 8a81954183b2db940183b2df6cbd0001
2022-11-21 04:58:49 - c.c.card_qr.service.GroupService - [1;31mERROR[0;39m - GROUP Service : Groups of Teacher (guruhlari yo'q) TEACHER_ID: 8a81954183b2db940183b2df6cbd0001
2022-11-21 04:59:14 - c.c.c.controller.GroupController - [34mINFO [0;39m - GROUP Controller: TEACHER OF GROUP : 8a81954183b2db940183b2df6cbd0001
2022-11-21 04:59:14 - c.c.card_qr.service.GroupService - [1;31mERROR[0;39m - GROUP Service : Groups of Teacher (guruhlari yo'q) TEACHER_ID: 8a81954183b2db940183b2df6cbd0001
2022-11-21 04:59:46 - o.s.o.j.LocalContainerEntityManagerFactoryBean - [34mINFO [0;39m - Closing JPA EntityManagerFactory for persistence unit 'default'
2022-11-21 04:59:46 - com.zaxxer.hikari.HikariDataSource - [34mINFO [0;39m - HikariPool-1 - Shutdown initiated...
2022-11-21 04:59:46 - com.zaxxer.hikari.HikariDataSource - [34mINFO [0;39m - HikariPool-1 - Shutdown completed.
2022-11-21 05:00:20 - c.c.card_qr.CardQrApplicationTests - [34mINFO [0;39m - Starting CardQrApplicationTests using Java 17.0.2 on WIN-3AGF5SMQQM9 with PID 11392 (started by User in D:\Main Java\JAVA\card_qr)
2022-11-21 05:00:20 - c.c.card_qr.CardQrApplicationTests - [39mDEBUG[0;39m - Running with Spring Boot v2.7.3, Spring v5.3.22
2022-11-21 05:00:20 - c.c.card_qr.CardQrApplicationTests - [34mINFO [0;39m - The following 1 profile is active: "dev"
2022-11-21 05:00:21 - o.s.d.r.c.RepositoryConfigurationDelegate - [34mINFO [0;39m - Bootstrapping Spring Data JPA repositories in DEFAULT mode.
2022-11-21 05:00:21 - o.s.d.r.c.RepositoryConfigurationDelegate - [34mINFO [0;39m - Finished Spring Data repository scanning in 57 ms. Found 6 JPA repository interfaces.
2022-11-21 05:00:22 - o.h.jpa.internal.util.LogHelper - [34mINFO [0;39m - HHH000204: Processing PersistenceUnitInfo [name: default]
2022-11-21 05:00:22 - org.hibernate.Version - [34mINFO [0;39m - HHH000412: Hibernate ORM core version 5.6.10.Final
2022-11-21 05:00:22 - o.h.annotations.common.Version - [34mINFO [0;39m - HCANN000001: Hibernate Commons Annotations {5.1.2.Final}
2022-11-21 05:00:22 - com.zaxxer.hikari.HikariDataSource - [34mINFO [0;39m - HikariPool-1 - Starting...
2022-11-21 05:00:23 - com.zaxxer.hikari.HikariDataSource - [34mINFO [0;39m - HikariPool-1 - Start completed.
2022-11-21 05:00:23 - org.hibernate.dialect.Dialect - [34mINFO [0;39m - HHH000400: Using dialect: org.hibernate.dialect.PostgreSQLDialect
2022-11-21 05:00:23 - org.hibernate.id.UUIDHexGenerator - [31mWARN [0;39m - HHH000409: Using org.hibernate.id.UUIDHexGenerator which does not generate IETF RFC 4122 compliant UUID values; consider using org.hibernate.id.UUIDGenerator instead
2022-11-21 05:00:23 - o.h.e.t.j.p.i.JtaPlatformInitiator - [34mINFO [0;39m - HHH000490: Using JtaPlatform implementation: [org.hibernate.engine.transaction.jta.platform.internal.NoJtaPlatform]
2022-11-21 05:00:23 - o.s.o.j.LocalContainerEntityManagerFactoryBean - [34mINFO [0;39m - Initialized JPA EntityManagerFactory for persistence unit 'default'
2022-11-21 05:00:24 - o.s.b.a.o.j.JpaBaseConfiguration$JpaWebConfiguration - [31mWARN [0;39m - spring.jpa.open-in-view is enabled by default. Therefore, database queries may be performed during view rendering. Explicitly configure spring.jpa.open-in-view to disable this warning
2022-11-21 05:00:25 - o.s.s.web.DefaultSecurityFilterChain - [34mINFO [0;39m - Will secure any request with [org.springframework.security.web.session.DisableEncodeUrlFilter@4865434e, org.springframework.security.web.context.request.async.WebAsyncManagerIntegrationFilter@3c6e407, org.springframework.security.web.context.SecurityContextPersistenceFilter@1f3310fc, org.springframework.security.web.header.HeaderWriterFilter@464017f5, org.springframework.web.filter.CorsFilter@287dde94, org.springframework.security.web.authentication.logout.LogoutFilter@3390621a, com.company.card_qr.config.filter.JwtFilter@78a34c47, org.springframework.security.web.savedrequest.RequestCacheAwareFilter@542c6165, org.springframework.security.web.servletapi.SecurityContextHolderAwareRequestFilter@36c5a4b7, org.springframework.security.web.authentication.AnonymousAuthenticationFilter@2f650dae, org.springframework.security.web.session.SessionManagementFilter@6888746c, org.springframework.security.web.access.ExceptionTranslationFilter@18fcfe7e, org.springframework.security.web.access.intercept.FilterSecurityInterceptor@4db10b9f]
2022-11-21 05:00:26 - c.c.card_qr.CardQrApplicationTests - [34mINFO [0;39m - Started CardQrApplicationTests in 5.498 seconds (JVM running for 6.167)
2022-11-21 05:00:26 - o.s.o.j.LocalContainerEntityManagerFactoryBean - [34mINFO [0;39m - Closing JPA EntityManagerFactory for persistence unit 'default'
2022-11-21 05:00:26 - com.zaxxer.hikari.HikariDataSource - [34mINFO [0;39m - HikariPool-1 - Shutdown initiated...
2022-11-21 05:00:26 - com.zaxxer.hikari.HikariDataSource - [34mINFO [0;39m - HikariPool-1 - Shutdown completed.
